\BOOKMARK [1][-]{section.1}{\376\377\000A\000u\000f\000g\000a\000b\000e\000n\000s\000t\000e\000l\000l\000u\000n\000g}{}% 1
\BOOKMARK [1][-]{section.2}{\376\377\000T\000h\000e\000o\000r\000e\000t\000i\000s\000c\000h\000e\000\040\000G\000r\000u\000n\000d\000l\000a\000g\000e\000n}{}% 2
\BOOKMARK [2][-]{subsection.2.1}{\376\377\000E\000l\000e\000k\000t\000r\000o\000n\000e\000n\000p\000a\000r\000a\000m\000a\000g\000n\000e\000t\000i\000s\000c\000h\000e\000\040\000R\000e\000s\000o\000n\000a\000n\000z\000\040\000\050\000E\000P\000R\000\051}{section.2}% 3
\BOOKMARK [2][-]{subsection.2.2}{\376\377\000Z\000e\000e\000m\000a\000n\000-\000E\000f\000f\000e\000k\000t}{section.2}% 4
\BOOKMARK [2][-]{subsection.2.3}{\376\377\000R\000e\000s\000o\000n\000a\000n\000z\000b\000e\000d\000i\000n\000g\000u\000n\000g}{section.2}% 5
\BOOKMARK [2][-]{subsection.2.4}{\376\377\000E\000P\000R\000-\000S\000p\000e\000k\000t\000r\000u\000m}{section.2}% 6
\BOOKMARK [2][-]{subsection.2.5}{\376\377\000H\000o\000c\000h\000f\000r\000e\000q\000u\000e\000n\000z\000t\000e\000c\000h\000n\000i\000k\000e\000n}{section.2}% 7
\BOOKMARK [3][-]{subsubsection.2.5.1}{\376\377\000F\000r\000e\000q\000u\000e\000n\000z\000m\000o\000d\000u\000l\000a\000t\000i\000o\000n}{subsection.2.5}% 8
\BOOKMARK [3][-]{subsubsection.2.5.2}{\376\377\000F\000r\000e\000q\000u\000e\000n\000z\000m\000i\000s\000c\000h\000u\000n\000g}{subsection.2.5}% 9
\BOOKMARK [2][-]{subsection.2.6}{\376\377\000M\000a\000t\000e\000r\000i\000a\000l\000i\000e\000n}{section.2}% 10
\BOOKMARK [3][-]{subsubsection.2.6.1}{\376\377\000D\000P\000P\000H}{subsection.2.6}% 11
\BOOKMARK [3][-]{subsubsection.2.6.2}{\376\377\000U\000l\000t\000r\000a\000m\000a\000r\000i\000n}{subsection.2.6}% 12
\BOOKMARK [1][-]{section.3}{\376\377\000V\000e\000r\000s\000u\000c\000h\000s\000a\000u\000f\000b\000a\000u\000\040\000u\000n\000d\000\040\000M\000e\000t\000h\000o\000d\000i\000k}{}% 13
\BOOKMARK [2][-]{subsection.3.1}{\376\377\000S\000i\000g\000n\000a\000l\000q\000u\000e\000l\000l\000e\000n\000\040\000u\000n\000d\000\040\000M\000i\000s\000c\000h\000s\000t\000u\000f\000e}{section.3}% 14
\BOOKMARK [2][-]{subsection.3.2}{\376\377\000M\000i\000k\000r\000o\000w\000e\000l\000l\000e\000n\000b\000r\000\374\000c\000k\000e\000\040\000u\000n\000d\000\040\000M\000a\000g\000n\000e\000t\000s\000y\000s\000t\000e\000m}{section.3}% 15
\BOOKMARK [2][-]{subsection.3.3}{\376\377\000M\000a\000g\000n\000e\000t\000f\000e\000l\000d\000-\000S\000w\000e\000e\000p}{section.3}% 16
\BOOKMARK [3][-]{subsubsection.3.3.1}{\376\377\000M\000a\000g\000n\000e\000t\000f\000e\000l\000d\000-\000K\000a\000l\000i\000b\000r\000i\000e\000r\000u\000n\000g}{subsection.3.3}% 17
\BOOKMARK [2][-]{subsection.3.4}{\376\377\000L\000o\000w\000-\000N\000o\000i\000s\000e\000-\000B\000l\000o\000c\000k\000\040\000\050\000L\000N\000B\000\051}{section.3}% 18
\BOOKMARK [2][-]{subsection.3.5}{\376\377\000D\000a\000t\000e\000n\000v\000e\000r\000a\000r\000b\000e\000i\000t\000u\000n\000g}{section.3}% 19
\BOOKMARK [1][-]{section.4}{\376\377\000M\000e\000s\000s\000u\000n\000g\000e\000n\000\040\000u\000n\000d\000\040\000A\000u\000s\000w\000e\000r\000t\000u\000n\000g}{}% 20
\BOOKMARK [2][-]{subsection.4.1}{\376\377\000A\000u\000f\000g\000a\000b\000e\000\040\0001\000\040\040\023\000\040\000F\000r\000e\000q\000u\000e\000n\000z\000m\000i\000s\000c\000h\000u\000n\000g\000\040\000u\000n\000d\000\040\000-\000m\000o\000d\000u\000l\000a\000t\000i\000o\000n}{section.4}% 21
\BOOKMARK [2][-]{subsection.4.2}{\376\377\000A\000u\000f\000g\000a\000b\000e\000\040\0002\000/\0003\000\040\040\023\000\040\000E\000m\000p\000f\000a\000n\000g\000\040\000v\000o\000n\000\040\000V\000L\000F\000-\000,\000\040\000F\000M\000-\000\040\000u\000n\000d\000\040\000P\000M\000R\000-\000S\000i\000g\000n\000a\000l\000e\000n}{section.4}% 22
\BOOKMARK [2][-]{subsection.4.3}{\376\377\000A\000u\000f\000g\000a\000b\000e\000\040\0004\000\040\040\023\000\040\000B\000e\000s\000t\000i\000m\000m\000u\000n\000g\000\040\000d\000e\000r\000\040\000R\000e\000s\000o\000n\000a\000n\000z\000f\000r\000e\000q\000u\000e\000n\000z\000\040\000u\000n\000d\000\040\000D\000i\000s\000p\000e\000r\000s\000i\000o\000n\000s\000k\000u\000r\000v\000e\000n\000\040\000v\000o\000n\000\040\000D\000P\000P\000H}{section.4}% 23
\BOOKMARK [2][-]{subsection.4.4}{\376\377\000A\000u\000f\000g\000a\000b\000e\000\040\0005\000\040\040\023\000\040\000B\000e\000s\000t\000i\000m\000m\000u\000n\000g\000\040\000d\000e\000r\000\040\000R\000e\000s\000o\000n\000a\000n\000z\000f\000r\000e\000q\000u\000e\000n\000z\000\040\000u\000n\000d\000\040\000D\000i\000s\000p\000e\000r\000s\000i\000o\000n\000s\000k\000u\000r\000v\000e\000n\000\040\000v\000o\000n\000\040\000U\000l\000t\000r\000a\000m\000a\000r\000i\000n}{section.4}% 24
\BOOKMARK [2][-]{subsection.4.5}{\376\377\000A\000u\000f\000g\000a\000b\000e\000\040\0006\000\040\040\023\000\040\000D\000P\000P\000H\000\040\0001\0000\000\040\000u\000g\000\040\000m\000i\000t\000\040\000k\000a\000l\000i\000b\000r\000i\000e\000r\000t\000e\000m\000\040\000L\000N\000B}{section.4}% 25
\BOOKMARK [1][-]{section.5}{\376\377\000F\000a\000z\000i\000t}{}% 26
